<?xml version="1.0" encoding="UTF-8"?>
<testsuite xmlns:xsi="http://www.w3.org/2001/XMLSchema-instance" xsi:noNamespaceSchemaLocation="https://maven.apache.org/surefire/maven-surefire-plugin/xsd/surefire-test-report.xsd" name="testing.cart.CartServiceTest" time="0.755" tests="10" errors="0" skipped="0" failures="0">
  <properties>
[...]
</properties>
  <testcase name="processCartShouldSendToPrepareWitchArgumentCapture" classname="testing.cart.CartServiceTest" time="0.725"/>
  <testcase name="processCartShouldSendToPrepareWitchLambda" classname="testing.cart.CartServiceTest" time="0.002"/>
  <testcase name="shouldAnswerWhenProcessCart" classname="testing.cart.CartServiceTest" time="0.005"/>
  <testcase name="deliveryShouldBeFree" classname="testing.cart.CartServiceTest" time="0.003"/>
  <testcase name="processCartShouldSendToPrepare" classname="testing.cart.CartServiceTest" time="0.009"/>
  <testcase name="processCartShouldNotSendToPrepare" classname="testing.cart.CartServiceTest" time="0.002"/>
  <testcase name="processCartShouldNotSendToPrepareWithArgumentMatchers" classname="testing.cart.CartServiceTest" time="0.002"/>
  <testcase name="canHandleCardShouldThrowException" classname="testing.cart.CartServiceTest" time="0.002"/>
  <testcase name="canHandleCartShouldReturnMultipleCalues" classname="testing.cart.CartServiceTest" time="0.002"/>
  <testcase name="shouldDoNothingWhenProcessCart" classname="testing.cart.CartServiceTest" time="0.002"/>
</testsuite>