<?xml version="1.0" encoding="UTF-8"?>
<testsuite xmlns:xsi="http://www.w3.org/2001/XMLSchema-instance" xsi:noNamespaceSchemaLocation="https://maven.apache.org/surefire/maven-surefire-plugin/xsd/surefire-test-report.xsd" name="testing.MealTest" time="0.089" tests="24" errors="0" skipped="0" failures="0">
  <properties>
[...]
</properties>
  <testcase name="toMealsShouldBeEqualWhenPriceAndNameAreTheSame" classname="testing.MealTest" time="0.004"/>
  <testcase name="cakeNameShouldEndWithCake{String}" classname="testing.MealTest" time="0.001"/>
  <testcase name="cakeNameShouldEndWithCake{String}" classname="testing.MealTest" time="0.001"/>
  <testcase name="cakeNameShouldEndWithCake{String}" classname="testing.MealTest" time="0"/>
  <testcase name="referencesToDifferentObjectShouldNotBeEqual" classname="testing.MealTest" time="0.001"/>
  <testcase name="testMealSumPrice" classname="testing.MealTest" time="0.032"/>
  <testcase name="referencesToTheSameObjectShouldBeEqual" classname="testing.MealTest" time="0.001"/>
  <testcase name="Dynamic Test 1" classname="testing.MealTest" time="0"/>
  <testcase name="Dynamic Test 2" classname="testing.MealTest" time="0.001"/>
  <testcase name="exceptionShouldBeThrowIfDiscountIsHigherThenThePrice" classname="testing.MealTest" time="0.001"/>
  <testcase name="burgersShouldHaveCorrectNameAndPrice{String, int}" classname="testing.MealTest" time="0"/>
  <testcase name="burgersShouldHaveCorrectNameAndPrice{String, int}" classname="testing.MealTest" time="0"/>
  <testcase name="mealPriceShouldBeLowerThan10{int}" classname="testing.MealTest" time="0.001"/>
  <testcase name="mealPriceShouldBeLowerThan10{int}" classname="testing.MealTest" time="0.001"/>
  <testcase name="mealPriceShouldBeLowerThan10{int}" classname="testing.MealTest" time="0.001"/>
  <testcase name="mealPriceShouldBeLowerThan10{int}" classname="testing.MealTest" time="0.021"/>
  <testcase name="mealPriceShouldBeLowerThan20{int}" classname="testing.MealTest" time="0"/>
  <testcase name="mealPriceShouldBeLowerThan20{int}" classname="testing.MealTest" time="0.001"/>
  <testcase name="mealPriceShouldBeLowerThan20{int}" classname="testing.MealTest" time="0.001"/>
  <testcase name="mealPriceShouldBeLowerThan20{int}" classname="testing.MealTest" time="0"/>
  <testcase name="shouldReturnDiscountedPrice" classname="testing.MealTest" time="0"/>
  <testcase name="Test name: 0" classname="testing.MealTest" time="0"/>
  <testcase name="Test name: 1" classname="testing.MealTest" time="0"/>
  <testcase name="Test name: 2" classname="testing.MealTest" time="0"/>
</testsuite>